This file contains any messages produced by compilers while
running configure, to aid debugging if configure makes a mistake.

It was created by notifyfs configure 0.2, which was
generated by GNU Autoconf 2.61.  Invocation command line was

  $ ./configure --prefix=/usr

## --------- ##
## Platform. ##
## --------- ##

hostname = soulxu-desktop
uname -m = i686
uname -r = 2.6.24-23-generic
uname -s = Linux
uname -v = #1 SMP Thu Feb 5 15:00:25 UTC 2009

/usr/bin/uname -p = athlon-4
/bin/uname -X     = unknown

/bin/arch              = unknown
/usr/bin/arch -k       = unknown
/usr/convex/getsysinfo = unknown
/usr/bin/hostinfo      = unknown
/bin/machine           = unknown
/usr/bin/oslevel       = unknown
/bin/universe          = unknown

PATH: /usr/local/sbin
PATH: /usr/local/bin
PATH: /usr/sbin
PATH: /usr/bin
PATH: /sbin
PATH: /bin
PATH: /usr/games
PATH: /opt/real/RealPlayer


## ----------- ##
## Core tests. ##
## ----------- ##

configure:1730: checking for a BSD-compatible install
configure:1786: result: /usr/bin/install -c
configure:1797: checking whether build environment is sane
configure:1840: result: yes
configure:1905: checking for gawk
configure:1921: found /usr/bin/gawk
configure:1932: result: gawk
configure:1943: checking whether make sets $(MAKE)
configure:1964: result: yes
configure:2196: checking for gcc
configure:2212: found /usr/bin/gcc
configure:2223: result: gcc
configure:2461: checking for C compiler version
configure:2468: gcc --version >&5
gcc (GCC) 4.2.4 (Ubuntu 4.2.4-1ubuntu4)
Copyright (C) 2007 Free Software Foundation, Inc.
This is free software; see the source for copying conditions.  There is NO
warranty; not even for MERCHANTABILITY or FITNESS FOR A PARTICULAR PURPOSE.

configure:2471: $? = 0
configure:2478: gcc -v >&5
Using built-in specs.
Target: i486-linux-gnu
Configured with: ../src/configure -v --enable-languages=c,c++,fortran,objc,obj-c++,treelang --prefix=/usr --enable-shared --with-system-zlib --libexecdir=/usr/lib --without-included-gettext --enable-threads=posix --enable-nls --with-gxx-include-dir=/usr/include/c++/4.2 --program-suffix=-4.2 --enable-clocale=gnu --enable-libstdcxx-debug --enable-objc-gc --enable-mpfr --enable-targets=all --enable-checking=release --build=i486-linux-gnu --host=i486-linux-gnu --target=i486-linux-gnu
Thread model: posix
gcc version 4.2.4 (Ubuntu 4.2.4-1ubuntu4)
configure:2481: $? = 0
configure:2488: gcc -V >&5
gcc: '-V' option must have argument
configure:2491: $? = 1
configure:2514: checking for C compiler default output file name
configure:2541: gcc    conftest.c  >&5
configure:2544: $? = 0
configure:2582: result: a.out
configure:2599: checking whether the C compiler works
configure:2609: ./a.out
configure:2612: $? = 0
configure:2629: result: yes
configure:2636: checking whether we are cross compiling
configure:2638: result: no
configure:2641: checking for suffix of executables
configure:2648: gcc -o conftest    conftest.c  >&5
configure:2651: $? = 0
configure:2675: result: 
configure:2681: checking for suffix of object files
configure:2707: gcc -c   conftest.c >&5
configure:2710: $? = 0
configure:2733: result: o
configure:2737: checking whether we are using the GNU C compiler
configure:2766: gcc -c   conftest.c >&5
configure:2772: $? = 0
configure:2789: result: yes
configure:2794: checking whether gcc accepts -g
configure:2824: gcc -c -g  conftest.c >&5
configure:2830: $? = 0
configure:2929: result: yes
configure:2946: checking for gcc option to accept ISO C89
configure:3020: gcc  -c -g -O2  conftest.c >&5
configure:3026: $? = 0
configure:3049: result: none needed
configure:3078: checking for style of include used by make
configure:3106: result: GNU
configure:3134: checking dependency style of gcc
configure:3224: result: gcc3
configure:3284: checking for ranlib
configure:3300: found /usr/bin/ranlib
configure:3311: result: ranlib
configure:3455: creating ./config.status

## ---------------------- ##
## Running config.status. ##
## ---------------------- ##

This file was extended by notifyfs config.status 0.2, which was
generated by GNU Autoconf 2.61.  Invocation command line was

  CONFIG_FILES    = 
  CONFIG_HEADERS  = 
  CONFIG_LINKS    = 
  CONFIG_COMMANDS = 
  $ ./config.status 

on soulxu-desktop

config.status:632: creating Makefile
config.status:632: creating src/Makefile
config.status:632: creating config.h
config.status:842: config.h is unchanged
config.status:888: executing depfiles commands

## ---------------- ##
## Cache variables. ##
## ---------------- ##

ac_cv_c_compiler_gnu=yes
ac_cv_env_CC_set=
ac_cv_env_CC_value=
ac_cv_env_CFLAGS_set=
ac_cv_env_CFLAGS_value=
ac_cv_env_CPPFLAGS_set=
ac_cv_env_CPPFLAGS_value=
ac_cv_env_LDFLAGS_set=
ac_cv_env_LDFLAGS_value=
ac_cv_env_LIBS_set=
ac_cv_env_LIBS_value=
ac_cv_env_build_alias_set=
ac_cv_env_build_alias_value=
ac_cv_env_host_alias_set=
ac_cv_env_host_alias_value=
ac_cv_env_target_alias_set=
ac_cv_env_target_alias_value=
ac_cv_objext=o
ac_cv_path_install='/usr/bin/install -c'
ac_cv_prog_AWK=gawk
ac_cv_prog_ac_ct_CC=gcc
ac_cv_prog_ac_ct_RANLIB=ranlib
ac_cv_prog_cc_c89=
ac_cv_prog_cc_g=yes
ac_cv_prog_make_make_set=yes
am_cv_CC_dependencies_compiler_type=gcc3

## ----------------- ##
## Output variables. ##
## ----------------- ##

ACLOCAL='${SHELL} /home/soulxu/notify-0.2/missing --run aclocal-1.9'
AMDEPBACKSLASH='\'
AMDEP_FALSE='#'
AMDEP_TRUE=''
AMTAR='${SHELL} /home/soulxu/notify-0.2/missing --run tar'
AUTOCONF='${SHELL} /home/soulxu/notify-0.2/missing --run autoconf'
AUTOHEADER='${SHELL} /home/soulxu/notify-0.2/missing --run autoheader'
AUTOMAKE='${SHELL} /home/soulxu/notify-0.2/missing --run automake-1.9'
AWK='gawk'
CC='gcc'
CCDEPMODE='depmode=gcc3'
CFLAGS='-g -O2'
CPPFLAGS=''
CYGPATH_W='echo'
DEFS='-DHAVE_CONFIG_H'
DEPDIR='.deps'
ECHO_C=''
ECHO_N='-n'
ECHO_T=''
EXEEXT=''
INSTALL_DATA='${INSTALL} -m 644'
INSTALL_PROGRAM='${INSTALL}'
INSTALL_SCRIPT='${INSTALL}'
INSTALL_STRIP_PROGRAM='${SHELL} $(install_sh) -c -s'
LDFLAGS=''
LIBOBJS=''
LIBS=''
LTLIBOBJS=''
MAKEINFO='${SHELL} /home/soulxu/notify-0.2/missing --run makeinfo'
OBJEXT='o'
PACKAGE='notifyfs'
PACKAGE_BUGREPORT='soulxu@gmail.com'
PACKAGE_NAME='notifyfs'
PACKAGE_STRING='notifyfs 0.2'
PACKAGE_TARNAME='notifyfs'
PACKAGE_VERSION='0.2'
PATH_SEPARATOR=':'
RANLIB='ranlib'
SET_MAKE=''
SHELL='/bin/bash'
STRIP=''
VERSION='0.2'
ac_ct_CC='gcc'
am__fastdepCC_FALSE='#'
am__fastdepCC_TRUE=''
am__include='include'
am__leading_dot='.'
am__quote=''
am__tar='${AMTAR} chof - "$$tardir"'
am__untar='${AMTAR} xf -'
bindir='${exec_prefix}/bin'
build_alias=''
datadir='${datarootdir}'
datarootdir='${prefix}/share'
docdir='${datarootdir}/doc/${PACKAGE_TARNAME}'
dvidir='${docdir}'
exec_prefix='${prefix}'
host_alias=''
htmldir='${docdir}'
includedir='${prefix}/include'
infodir='${datarootdir}/info'
install_sh='/home/soulxu/notify-0.2/install-sh'
libdir='${exec_prefix}/lib'
libexecdir='${exec_prefix}/libexec'
localedir='${datarootdir}/locale'
localstatedir='${prefix}/var'
mandir='${datarootdir}/man'
mkdir_p='mkdir -p --'
oldincludedir='/usr/include'
pdfdir='${docdir}'
prefix='/usr'
program_transform_name='s,x,x,'
psdir='${docdir}'
sbindir='${exec_prefix}/sbin'
sharedstatedir='${prefix}/com'
sysconfdir='${prefix}/etc'
target_alias=''

## ----------- ##
## confdefs.h. ##
## ----------- ##

#define PACKAGE_NAME "notifyfs"
#define PACKAGE_TARNAME "notifyfs"
#define PACKAGE_VERSION "0.2"
#define PACKAGE_STRING "notifyfs 0.2"
#define PACKAGE_BUGREPORT "soulxu@gmail.com"
#define PACKAGE "notifyfs"
#define VERSION "0.2"

configure: exit 0
