
w +$qSupported:xmlRegisters=i386;qRelocInsn+#25
r +$PacketSize=1000#f1
w +$Hg0#df
r +$OK#9a
w +$?#3f
r +$T05thread:01;#07
w +$Hc-1#09
r +$OK#9a
w +$qC#b4
r +$QC1#c5
w +$qAttached#8f
r +$#00
w +$qOffsets#4b
r +$#00
w +$g#67
r +$0000000000000000330600000000000000000000000000000000000000000000f0ff00000200000000f00000000000000000000000000000000000000000000000000000000000000000000000000000000000000000000000000000000000000000000000000000000000000000000000000000000000000000000000000000000000000000000000000000000000007f030000000000000000000000000000000000000000000000000000000000000000000000000000000000000000000000000000000000000000000000000000000000000000000000000000000000000000000000000000000000000000000000000000000000000000000000000000000000000000000000000000000000000000000000000000000000000000000000000000000000000000000000000000801f0000#e5
w +$m0,1#fa
r +$00#60
w +$m0,1#fa
r +$00#60
w +$m0,9#02
r +$000000000000000000#60
w +$m7c00,12#f6
r +$000000000000000000000000000000000000#c0
w +$m7c00,1#c4
r +$00#60
w +$m7c00,12#f6
r +$000000000000000000000000000000000000#c0
w +$m7c00,1#c4
r +$00#60
w +$qSymbol::#5b
r +$#00
w +$qTStatus#49
r +$#00
w +
c target remote :1234
w $k#6b
r <Eof>
End of log
